
The following have been reloaded with a version change:
  1) anaconda/3-4.2.0 => anaconda/3-4.4.0

[dynet] random seed: 3293151321
[dynet] allocating memory: 512MB
[dynet] memory allocation done.
started epoch 1
current minibatch loss 4.297911643981934 progress: 7.18 %
current minibatch loss 4.023844242095947 progress: 14.35 %
current minibatch loss 3.7970621585845947 progress: 21.53 %
current minibatch loss 3.611685276031494 progress: 28.7 %
current minibatch loss 3.472243547439575 progress: 35.88 %
current minibatch loss 3.3637702465057373 progress: 43.05 %
current minibatch loss 3.2590789794921875 progress: 50.23 %
current minibatch loss 3.111830472946167 progress: 57.4 %
current minibatch loss 3.0696825981140137 progress: 64.58 %
current minibatch loss 3.0339252948760986 progress: 71.76 %
current minibatch loss 2.970482349395752 progress: 78.93 %
current minibatch loss 2.8389933109283447 progress: 86.11 %
current minibatch loss 2.7385811805725098 progress: 93.28 %
started epoch 2
current minibatch loss 2.6703805923461914 progress: 0.72 %
current minibatch loss 2.6860849857330322 progress: 7.89 %
current minibatch loss 2.6299901008605957 progress: 15.07 %
current minibatch loss 2.5804316997528076 progress: 22.24 %
current minibatch loss 2.4957780838012695 progress: 29.42 %
current minibatch loss 2.481092691421509 progress: 36.6 %
current minibatch loss 2.413506031036377 progress: 43.77 %
current minibatch loss 2.3020517826080322 progress: 50.95 %
current minibatch loss 2.3324763774871826 progress: 58.12 %
current minibatch loss 2.27927827835083 progress: 65.3 %
current minibatch loss 2.350416898727417 progress: 72.47 %
current minibatch loss 2.231038808822632 progress: 79.65 %
current minibatch loss 2.1796154975891113 progress: 86.82 %
current minibatch loss 2.2180228233337402 progress: 94.0 %
started epoch 3
current minibatch loss 2.086822748184204 progress: 1.44 %
current minibatch loss 2.0055956840515137 progress: 8.61 %
current minibatch loss 2.071991443634033 progress: 15.79 %
current minibatch loss 1.9899743795394897 progress: 22.96 %
current minibatch loss 2.144535779953003 progress: 30.14 %
current minibatch loss 1.9659005403518677 progress: 37.31 %
current minibatch loss 2.005594491958618 progress: 44.49 %
current minibatch loss 1.9615927934646606 progress: 51.66 %
current minibatch loss 1.9090347290039062 progress: 58.84 %
current minibatch loss 1.8098965883255005 progress: 66.02 %
current minibatch loss 1.8640971183776855 progress: 73.19 %
current minibatch loss 1.8073569536209106 progress: 80.37 %
current minibatch loss 1.8325811624526978 progress: 87.54 %
current minibatch loss 1.8126846551895142 progress: 94.72 %
started epoch 4
current minibatch loss 1.8123000860214233 progress: 2.15 %
current minibatch loss 1.7621668577194214 progress: 9.33 %
current minibatch loss 1.6332204341888428 progress: 16.5 %
current minibatch loss 1.7452714443206787 progress: 23.68 %
current minibatch loss 1.6473697423934937 progress: 30.86 %
current minibatch loss 1.668215274810791 progress: 38.03 %
current minibatch loss 1.6182183027267456 progress: 45.21 %
current minibatch loss 1.6219444274902344 progress: 52.38 %
current minibatch loss 1.611864686012268 progress: 59.56 %
current minibatch loss 1.6427572965621948 progress: 66.73 %
current minibatch loss 1.62338387966156 progress: 73.91 %
current minibatch loss 1.6726348400115967 progress: 81.08 %
current minibatch loss 1.5880848169326782 progress: 88.26 %
current minibatch loss 1.5369677543640137 progress: 95.44 %
started epoch 5
current minibatch loss 1.582342267036438 progress: 2.87 %
current minibatch loss 1.5512739419937134 progress: 10.05 %
current minibatch loss 1.510425329208374 progress: 17.22 %
current minibatch loss 1.5443357229232788 progress: 24.4 %
current minibatch loss 1.4738411903381348 progress: 31.57 %
current minibatch loss 1.5304065942764282 progress: 38.75 %
current minibatch loss 1.4409279823303223 progress: 45.92 %
current minibatch loss 1.5064958333969116 progress: 53.1 %
current minibatch loss 1.4127273559570312 progress: 60.28 %
current minibatch loss 1.4542967081069946 progress: 67.45 %
current minibatch loss 1.4508898258209229 progress: 74.63 %
current minibatch loss 1.4057291746139526 progress: 81.8 %
current minibatch loss 1.3862059116363525 progress: 88.98 %
current minibatch loss 1.414957046508789 progress: 96.15 %
started epoch 6
current minibatch loss 1.3914222717285156 progress: 3.59 %
current minibatch loss 1.320796012878418 progress: 10.76 %
current minibatch loss 1.3158390522003174 progress: 17.94 %
current minibatch loss 1.398139238357544 progress: 25.11 %
current minibatch loss 1.3629399538040161 progress: 32.29 %
current minibatch loss 1.3386002779006958 progress: 39.47 %
current minibatch loss 1.3615063428878784 progress: 46.64 %
current minibatch loss 1.294301152229309 progress: 53.82 %
current minibatch loss 1.3337557315826416 progress: 60.99 %
current minibatch loss 1.3552302122116089 progress: 68.17 %
current minibatch loss 1.26681387424469 progress: 75.34 %
current minibatch loss 1.2447826862335205 progress: 82.52 %
current minibatch loss 1.2744656801223755 progress: 89.7 %
current minibatch loss 1.2876394987106323 progress: 96.87 %
started epoch 7
current minibatch loss 1.1832958459854126 progress: 4.31 %
current minibatch loss 1.2510813474655151 progress: 11.48 %
current minibatch loss 1.225714087486267 progress: 18.66 %
current minibatch loss 1.2430853843688965 progress: 25.83 %
current minibatch loss 1.2256239652633667 progress: 33.01 %
current minibatch loss 1.1869975328445435 progress: 40.18 %
current minibatch loss 1.1982094049453735 progress: 47.36 %
current minibatch loss 1.2192304134368896 progress: 54.53 %
current minibatch loss 1.198436975479126 progress: 61.71 %
current minibatch loss 1.1867601871490479 progress: 68.89 %
current minibatch loss 1.2394838333129883 progress: 76.06 %
current minibatch loss 1.1352840662002563 progress: 83.24 %
current minibatch loss 1.2488470077514648 progress: 90.41 %
current minibatch loss 1.2081832885742188 progress: 97.59 %
started epoch 8
current minibatch loss 1.1247000694274902 progress: 5.02 %
current minibatch loss 1.1563057899475098 progress: 12.2 %
current minibatch loss 1.063194990158081 progress: 19.37 %
current minibatch loss 1.168235182762146 progress: 26.55 %
current minibatch loss 1.1582789421081543 progress: 33.73 %
current minibatch loss 1.1293690204620361 progress: 40.9 %
current minibatch loss 1.105804204940796 progress: 48.08 %
current minibatch loss 1.0880745649337769 progress: 55.25 %
current minibatch loss 1.117248773574829 progress: 62.43 %
current minibatch loss 1.078996181488037 progress: 69.6 %
current minibatch loss 1.0354678630828857 progress: 76.78 %
current minibatch loss 1.120348572731018 progress: 83.95 %
current minibatch loss 1.0891591310501099 progress: 91.13 %
current minibatch loss 1.0727508068084717 progress: 98.31 %
started epoch 9
current minibatch loss 1.1051881313323975 progress: 5.74 %
current minibatch loss 0.9903687834739685 progress: 12.92 %
current minibatch loss 0.9821644425392151 progress: 20.09 %
current minibatch loss 1.0514447689056396 progress: 27.27 %
current minibatch loss 1.0084822177886963 progress: 34.44 %
current minibatch loss 1.0457475185394287 progress: 41.62 %
current minibatch loss 0.9847816824913025 progress: 48.79 %
current minibatch loss 1.0261660814285278 progress: 55.97 %
current minibatch loss 0.983518660068512 progress: 63.15 %
current minibatch loss 1.0133697986602783 progress: 70.32 %
current minibatch loss 1.023866057395935 progress: 77.5 %
current minibatch loss 1.0327086448669434 progress: 84.67 %
current minibatch loss 0.9979384541511536 progress: 91.85 %
current minibatch loss 0.998727560043335 progress: 99.02 %
started epoch 10
current minibatch loss 1.049461007118225 progress: 6.46 %
current minibatch loss 1.0182479619979858 progress: 13.63 %
current minibatch loss 0.9135710597038269 progress: 20.81 %
current minibatch loss 0.9662243127822876 progress: 27.98 %
current minibatch loss 0.9918073415756226 progress: 35.16 %
current minibatch loss 0.9460675716400146 progress: 42.34 %
current minibatch loss 0.9192541837692261 progress: 49.51 %
current minibatch loss 0.9547777771949768 progress: 56.69 %
current minibatch loss 0.9785531759262085 progress: 63.86 %
current minibatch loss 0.9218866229057312 progress: 71.04 %
current minibatch loss 0.9861382246017456 progress: 78.21 %
current minibatch loss 0.866047203540802 progress: 85.39 %
current minibatch loss 0.9029409289360046 progress: 92.57 %
current minibatch loss 0.9727326035499573 progress: 99.74 %
started epoch 11
current minibatch loss 0.8899510502815247 progress: 7.18 %
current minibatch loss 0.9611592292785645 progress: 14.35 %
current minibatch loss 0.9181520938873291 progress: 21.53 %
current minibatch loss 0.9612628221511841 progress: 28.7 %
current minibatch loss 0.9627935290336609 progress: 35.88 %
current minibatch loss 0.8754935264587402 progress: 43.05 %
current minibatch loss 0.8127255439758301 progress: 50.23 %
current minibatch loss 0.9269205927848816 progress: 57.4 %
current minibatch loss 0.8388732075691223 progress: 64.58 %
current minibatch loss 0.9466975927352905 progress: 71.76 %
current minibatch loss 0.9037153124809265 progress: 78.93 %
current minibatch loss 0.913100004196167 progress: 86.11 %
current minibatch loss 0.8717252612113953 progress: 93.28 %
started epoch 12
current minibatch loss 0.8046315312385559 progress: 0.72 %
current minibatch loss 0.8337498903274536 progress: 7.89 %
current minibatch loss 0.8515440225601196 progress: 15.07 %
current minibatch loss 0.805249035358429 progress: 22.24 %
current minibatch loss 0.8864037990570068 progress: 29.42 %
current minibatch loss 0.9021920561790466 progress: 36.6 %
current minibatch loss 0.8457903861999512 progress: 43.77 %
current minibatch loss 0.873909056186676 progress: 50.95 %
current minibatch loss 0.8619136810302734 progress: 58.12 %
current minibatch loss 0.8566271066665649 progress: 65.3 %
current minibatch loss 0.8672190308570862 progress: 72.47 %
current minibatch loss 0.812442421913147 progress: 79.65 %
current minibatch loss 0.7962220311164856 progress: 86.82 %
current minibatch loss 0.8216620683670044 progress: 94.0 %
started epoch 13
current minibatch loss 0.8406012654304504 progress: 1.44 %
current minibatch loss 0.8595055937767029 progress: 8.61 %
current minibatch loss 0.8553895354270935 progress: 15.79 %
current minibatch loss 0.7877295017242432 progress: 22.96 %
current minibatch loss 0.7809379696846008 progress: 30.14 %
current minibatch loss 0.8452337980270386 progress: 37.31 %
current minibatch loss 0.7928533554077148 progress: 44.49 %
current minibatch loss 0.8446339964866638 progress: 51.66 %
current minibatch loss 0.8106225728988647 progress: 58.84 %
current minibatch loss 0.7709550857543945 progress: 66.02 %
current minibatch loss 0.8269343376159668 progress: 73.19 %
current minibatch loss 0.8193832039833069 progress: 80.37 %
current minibatch loss 0.8101590275764465 progress: 87.54 %
current minibatch loss 0.7839793562889099 progress: 94.72 %
started epoch 14
current minibatch loss 0.7970304489135742 progress: 2.15 %
current minibatch loss 0.7982513904571533 progress: 9.33 %
current minibatch loss 0.7130798697471619 progress: 16.5 %
current minibatch loss 0.7283669710159302 progress: 23.68 %
current minibatch loss 0.7597936391830444 progress: 30.86 %
current minibatch loss 0.8021621704101562 progress: 38.03 %
current minibatch loss 0.7710986733436584 progress: 45.21 %
current minibatch loss 0.7359340786933899 progress: 52.38 %
current minibatch loss 0.9140454530715942 progress: 59.56 %
current minibatch loss 0.7350802421569824 progress: 66.73 %
current minibatch loss 0.7635154724121094 progress: 73.91 %
current minibatch loss 0.7499154210090637 progress: 81.08 %
current minibatch loss 0.7303892970085144 progress: 88.26 %
current minibatch loss 0.6770130395889282 progress: 95.44 %
started epoch 15
current minibatch loss 0.7853003740310669 progress: 2.87 %
current minibatch loss 0.7835209965705872 progress: 10.05 %
current minibatch loss 0.6889896392822266 progress: 17.22 %
current minibatch loss 0.7696690559387207 progress: 24.4 %
current minibatch loss 0.6796749830245972 progress: 31.57 %
current minibatch loss 0.7750483751296997 progress: 38.75 %
current minibatch loss 0.7098446488380432 progress: 45.92 %
current minibatch loss 0.7235342264175415 progress: 53.1 %
current minibatch loss 0.695926308631897 progress: 60.28 %
current minibatch loss 0.7804332971572876 progress: 67.45 %
current minibatch loss 0.7340596318244934 progress: 74.63 %
current minibatch loss 0.6737234592437744 progress: 81.8 %
current minibatch loss 0.6475473046302795 progress: 88.98 %
current minibatch loss 0.6855539083480835 progress: 96.15 %
started epoch 16
current minibatch loss 0.7433339953422546 progress: 3.59 %
current minibatch loss 0.752615749835968 progress: 10.76 %
current minibatch loss 0.6958208680152893 progress: 17.94 %
current minibatch loss 0.7350784540176392 progress: 25.11 %
current minibatch loss 0.7168511748313904 progress: 32.29 %
current minibatch loss 0.6894564628601074 progress: 39.47 %
current minibatch loss 0.7423481941223145 progress: 46.64 %
current minibatch loss 0.6697811484336853 progress: 53.82 %
current minibatch loss 0.7549833059310913 progress: 60.99 %
current minibatch loss 0.7221442461013794 progress: 68.17 %
current minibatch loss 0.7040615677833557 progress: 75.34 %
current minibatch loss 0.7212428450584412 progress: 82.52 %
current minibatch loss 0.7612917423248291 progress: 89.7 %
current minibatch loss 0.7009190320968628 progress: 96.87 %
started epoch 17
current minibatch loss 0.679767370223999 progress: 4.31 %
current minibatch loss 0.6245149970054626 progress: 11.48 %
current minibatch loss 0.6030012369155884 progress: 18.66 %
current minibatch loss 0.6879300475120544 progress: 25.83 %
current minibatch loss 0.7265916466712952 progress: 33.01 %
current minibatch loss 0.6530923843383789 progress: 40.18 %
current minibatch loss 0.6776326894760132 progress: 47.36 %
current minibatch loss 0.6541563272476196 progress: 54.53 %
current minibatch loss 0.6332921981811523 progress: 61.71 %
current minibatch loss 0.6837936639785767 progress: 68.89 %
current minibatch loss 0.6793131232261658 progress: 76.06 %
current minibatch loss 0.6595525741577148 progress: 83.24 %
current minibatch loss 0.6732776165008545 progress: 90.41 %
current minibatch loss 0.6948492527008057 progress: 97.59 %
started epoch 18
current minibatch loss 0.6628289222717285 progress: 5.02 %
current minibatch loss 0.644061267375946 progress: 12.2 %
current minibatch loss 0.6342931389808655 progress: 19.37 %
current minibatch loss 0.6213656663894653 progress: 26.55 %
current minibatch loss 0.6103962659835815 progress: 33.73 %
current minibatch loss 0.6126291751861572 progress: 40.9 %
current minibatch loss 0.6865969896316528 progress: 48.08 %
current minibatch loss 0.6423707008361816 progress: 55.25 %
current minibatch loss 0.6428543925285339 progress: 62.43 %
current minibatch loss 0.6122530102729797 progress: 69.6 %
current minibatch loss 0.5942692160606384 progress: 76.78 %
current minibatch loss 0.6826401352882385 progress: 83.95 %
current minibatch loss 0.7054341435432434 progress: 91.13 %
current minibatch loss 0.626753568649292 progress: 98.31 %
started epoch 19
current minibatch loss 0.593055009841919 progress: 5.74 %
current minibatch loss 0.5651648044586182 progress: 12.92 %
current minibatch loss 0.6346785426139832 progress: 20.09 %
current minibatch loss 0.6489103436470032 progress: 27.27 %
current minibatch loss 0.5565234422683716 progress: 34.44 %
current minibatch loss 0.6110595464706421 progress: 41.62 %
current minibatch loss 0.6291832327842712 progress: 48.79 %
current minibatch loss 0.5751663446426392 progress: 55.97 %
current minibatch loss 0.6537100672721863 progress: 63.15 %
current minibatch loss 0.6453114748001099 progress: 70.32 %
current minibatch loss 0.6226326823234558 progress: 77.5 %
current minibatch loss 0.5913141369819641 progress: 84.67 %
current minibatch loss 0.5771650075912476 progress: 91.85 %
current minibatch loss 0.5618041753768921 progress: 99.02 %
started epoch 20
current minibatch loss 0.5750219821929932 progress: 6.46 %
current minibatch loss 0.563718855381012 progress: 13.63 %
current minibatch loss 0.673160195350647 progress: 20.81 %
current minibatch loss 0.585930347442627 progress: 27.98 %
current minibatch loss 0.5927558541297913 progress: 35.16 %
current minibatch loss 0.6024009585380554 progress: 42.34 %
current minibatch loss 0.6199158430099487 progress: 49.51 %
current minibatch loss 0.6283323764801025 progress: 56.69 %
current minibatch loss 0.5690537095069885 progress: 63.86 %
current minibatch loss 0.5932337045669556 progress: 71.04 %
current minibatch loss 0.6453863978385925 progress: 78.21 %
current minibatch loss 0.5891932249069214 progress: 85.39 %
current minibatch loss 0.680302083492279 progress: 92.57 %
current minibatch loss 0.6310777068138123 progress: 99.74 %
runtime: 4108.818383216858
